<?xml version="1.0" encoding="UTF-8"?>
<testng-results ignored="0" total="0" passed="0" failed="0" skipped="0">
  <reporter-output>
  </reporter-output>
  <suite started-at="2021-07-30T11:05:01Z" name="Surefire suite" finished-at="2021-07-30T11:05:05Z" duration-ms="3717">
    <groups>
    </groups>
    <test started-at="2021-07-30T11:05:01Z" name="Surefire test" finished-at="2021-07-30T11:05:05Z" duration-ms="3717">
      <class name="com.wipro.base.TestBase">
        <test-method is-config="true" signature="envSetup()[pri:0, instance:com.wipro.base.TestBase@5876a9af]" started-at="2021-07-30T11:05:01Z" name="envSetup" finished-at="2021-07-30T11:05:05Z" duration-ms="3711" status="PASS">
          <reporter-output>
          </reporter-output>
        </test-method> <!-- envSetup -->
      </class> <!-- com.wipro.base.TestBase -->
    </test> <!-- Surefire test -->
  </suite> <!-- Surefire suite -->
</testng-results>
